2022-04-19T01:02:59+00:00 CRITICAL Uncaught Error: Class 'Yoast\WP\SEO\Premium\Integrations\User_Profile_Integration' not found in /home/mrwyunkahosting/public_html/wp-content/plugins/wordpress-seo/src/loader.php:228
Stack trace:
#0 /home/mrwyunkahosting/public_html/wp-content/plugins/wordpress-seo/src/loader.php(197): Yoast\WP\SEO\Loader->conditionals_are_met('Yoast\\WP\\SEO\\Pr...')
#1 /home/mrwyunkahosting/public_html/wp-includes/class-wp-hook.php(307): Yoast\WP\SEO\Loader->load_integrations('')
#2 /home/mrwyunkahosting/public_html/wp-includes/class-wp-hook.php(331): WP_Hook->apply_filters(NULL, Array)
#3 /home/mrwyunkahosting/public_html/wp-includes/plugin.php(474): WP_Hook->do_action(Array)
#4 /home/mrwyunkahosting/public_html/wp-settings.php(587): do_action('init')
#5 /home/mrwyunkahosting/public_html/wp-config.php(1324): require_once('/home/mrwyunkah...')
#6 /home/mrwyunkahosting/public_html/wp-load.php(50): require_once('/home/mrwyunkah...')
#7 /home/mrwyunkahosting/public_html/wp-blog-header.php(13): require_once('/home/mrwyunkah...') in /home/mrwyunkahosting/public_html/wp-content/plugins/wordpress-seo/src/loader.php on line 228

2022-04-19T01:02:59+00:00 CRITICAL Uncaught Error: Class 'Yoast\WP\SEO\Wrappers\WP_Remote_Handler' not found in /home/mrwyunkahosting/public_html/wp-content/plugins/wordpress-seo/src/generated/container.php:2192
Stack trace:
#0 /home/mrwyunkahosting/public_html/wp-content/plugins/wordpress-seo/src/generated/container.php(1190): Yoast\WP\SEO\Generated\Cached_Container->getSEMrushClientService()
#1 /home/mrwyunkahosting/public_html/wp-content/plugins/wordpress-seo/src/generated/container.php(4267): Yoast\WP\SEO\Generated\Cached_Container->getSEMrushLoginActionService()
#2 /home/mrwyunkahosting/public_html/wp-content/plugins/wordpress-seo/vendor_prefixed/symfony/dependency-injection/Container.php(271): Yoast\WP\SEO\Generated\Cached_Container->getSEMrushRouteService()
#3 /home/mrwyunkahosting/public_html/wp-content/plugins/wordpress-seo/src/loader.php(216): YoastSEO_Vendor\Symfony\Component\DependencyInjection\Container->get('Yoast\\WP\\SEO\\Ro...')
#4 /home/mrwyunkahosting/public_html/wp-includes/class-wp-hook.php(307): Yoast\WP\SEO\Loader->load_ in /home/mrwyunkahosting/public_html/wp-content/plugins/wordpress-seo/src/generated/container.php on line 2192

2022-04-19T01:02:59+00:00 CRITICAL Uncaught Error: Class 'Yoast\WP\SEO\Premium\Integrations\User_Profile_Integration' not found in /home/mrwyunkahosting/public_html/wp-content/plugins/wordpress-seo/src/loader.php:228
Stack trace:
#0 /home/mrwyunkahosting/public_html/wp-content/plugins/wordpress-seo/src/loader.php(197): Yoast\WP\SEO\Loader->conditionals_are_met('Yoast\\WP\\SEO\\Pr...')
#1 /home/mrwyunkahosting/public_html/wp-includes/class-wp-hook.php(307): Yoast\WP\SEO\Loader->load_integrations('')
#2 /home/mrwyunkahosting/public_html/wp-includes/class-wp-hook.php(331): WP_Hook->apply_filters(NULL, Array)
#3 /home/mrwyunkahosting/public_html/wp-includes/plugin.php(474): WP_Hook->do_action(Array)
#4 /home/mrwyunkahosting/public_html/wp-settings.php(587): do_action('init')
#5 /home/mrwyunkahosting/public_html/wp-config.php(1324): require_once('/home/mrwyunkah...')
#6 /home/mrwyunkahosting/public_html/wp-load.php(50): require_once('/home/mrwyunkah...')
#7 /home/mrwyunkahosting/public_html/wp-blog-header.php(13): require_once('/home/mrwyunkah...') in /home/mrwyunkahosting/public_html/wp-content/plugins/wordpress-seo/src/loader.php on line 228

2022-04-19T01:23:07+00:00 CRITICAL require(): Failed opening required '/home/mrwyunkahosting/public_html/wp-content/plugins/woocommerce/includes/rest-api/Controllers/Version3/class-wc-rest-product-attributes-controller.php' (include_path='.:/opt/alt/php74/usr/share/pear') in /home/mrwyunkahosting/public_html/wp-content/plugins/jetpack/vendor/jetpack-autoloader/class-php-autoloader.php on line 90

2022-04-19T01:23:07+00:00 CRITICAL require(): Failed opening required '/home/mrwyunkahosting/public_html/wp-content/plugins/woocommerce/includes/rest-api/Controllers/Version3/class-wc-rest-products-controller.php' (include_path='.:/opt/alt/php74/usr/share/pear') in /home/mrwyunkahosting/public_html/wp-content/plugins/jetpack/vendor/jetpack-autoloader/class-php-autoloader.php on line 90

2022-04-19T01:23:07+00:00 CRITICAL require(): Failed opening required '/home/mrwyunkahosting/public_html/wp-content/plugins/woocommerce/includes/rest-api/Controllers/Version3/class-wc-rest-products-controller.php' (include_path='.:/opt/alt/php74/usr/share/pear') in /home/mrwyunkahosting/public_html/wp-content/plugins/jetpack/vendor/jetpack-autoloader/class-php-autoloader.php on line 90

2022-04-19T01:23:07+00:00 CRITICAL require(): Failed opening required '/home/mrwyunkahosting/public_html/wp-content/plugins/woocommerce/includes/rest-api/Controllers/Version2/class-wc-rest-products-v2-controller.php' (include_path='.:/opt/alt/php74/usr/share/pear') in /home/mrwyunkahosting/public_html/wp-content/plugins/jetpack/vendor/jetpack-autoloader/class-php-autoloader.php on line 90

